2025-07-20 13:04:27 [ERROR]: Error fetching product by ID: Cast to ObjectId failed for value "686f8e6a2000c13fde444dc7ss" (type string) at path "_id" for model "Product"
CastError: Cast to ObjectId failed for value "686f8e6a2000c13fde444dc7ss" (type string) at path "_id" for model "Product"
    at SchemaObjectId.cast (C:\Users\ADMIN\Documents\node-ecommerce\node_modules\mongoose\lib\schema\objectId.js:251:11)
    at SchemaType.applySetters (C:\Users\ADMIN\Documents\node-ecommerce\node_modules\mongoose\lib\schemaType.js:1258:12)
    at SchemaType.castForQuery (C:\Users\ADMIN\Documents\node-ecommerce\node_modules\mongoose\lib\schemaType.js:1676:17)
    at cast (C:\Users\ADMIN\Documents\node-ecommerce\node_modules\mongoose\lib\cast.js:390:32)
    at Query.cast (C:\Users\ADMIN\Documents\node-ecommerce\node_modules\mongoose\lib\query.js:5055:12)
    at Query._castConditions (C:\Users\ADMIN\Documents\node-ecommerce\node_modules\mongoose\lib\query.js:2351:10)
    at model.Query._findOne (C:\Users\ADMIN\Documents\node-ecommerce\node_modules\mongoose\lib\query.js:2674:8)
    at model.Query.exec (C:\Users\ADMIN\Documents\node-ecommerce\node_modules\mongoose\lib\query.js:4604:80)
    at process.processTicksAndRejections (node:internal/process/task_queues:105:5)
    at async ProductService.getProductById (C:\Users\ADMIN\Documents\node-ecommerce\services\productService.js:52:23)
2025-07-20 13:04:27 [ERROR]: Application Error Failed to fetch product
AppError: Failed to fetch product
    at ProductService.getProductById (C:\Users\ADMIN\Documents\node-ecommerce\services\productService.js:65:13)
    at process.processTicksAndRejections (node:internal/process/task_queues:105:5)
    at async C:\Users\ADMIN\Documents\node-ecommerce\controllers\productController.js:32:19
2025-07-20 13:11:28 [ERROR]: Error fetching product by ID: Cast to ObjectId failed for value "invalid1" (type string) at path "_id" for model "Product"
CastError: Cast to ObjectId failed for value "invalid1" (type string) at path "_id" for model "Product"
    at SchemaObjectId.cast (C:\Users\ADMIN\Documents\node-ecommerce\node_modules\mongoose\lib\schema\objectId.js:251:11)
    at SchemaType.applySetters (C:\Users\ADMIN\Documents\node-ecommerce\node_modules\mongoose\lib\schemaType.js:1258:12)
    at SchemaType.castForQuery (C:\Users\ADMIN\Documents\node-ecommerce\node_modules\mongoose\lib\schemaType.js:1676:17)
    at cast (C:\Users\ADMIN\Documents\node-ecommerce\node_modules\mongoose\lib\cast.js:390:32)
    at Query.cast (C:\Users\ADMIN\Documents\node-ecommerce\node_modules\mongoose\lib\query.js:5055:12)
    at Query._castConditions (C:\Users\ADMIN\Documents\node-ecommerce\node_modules\mongoose\lib\query.js:2351:10)
    at model.Query._findOne (C:\Users\ADMIN\Documents\node-ecommerce\node_modules\mongoose\lib\query.js:2674:8)
    at model.Query.exec (C:\Users\ADMIN\Documents\node-ecommerce\node_modules\mongoose\lib\query.js:4604:80)
    at process.processTicksAndRejections (node:internal/process/task_queues:105:5)
    at async ProductService.getProductById (C:\Users\ADMIN\Documents\node-ecommerce\services\productService.js:52:23)
2025-07-20 13:11:28 [ERROR]: Application Error Failed to fetch product
AppError: Failed to fetch product
    at ProductService.getProductById (C:\Users\ADMIN\Documents\node-ecommerce\services\productService.js:65:13)
    at process.processTicksAndRejections (node:internal/process/task_queues:105:5)
    at async C:\Users\ADMIN\Documents\node-ecommerce\controllers\productController.js:32:19
2025-07-20 13:11:32 [ERROR]: Error fetching product by ID: Cast to ObjectId failed for value "invalid2" (type string) at path "_id" for model "Product"
CastError: Cast to ObjectId failed for value "invalid2" (type string) at path "_id" for model "Product"
    at SchemaObjectId.cast (C:\Users\ADMIN\Documents\node-ecommerce\node_modules\mongoose\lib\schema\objectId.js:251:11)
    at SchemaType.applySetters (C:\Users\ADMIN\Documents\node-ecommerce\node_modules\mongoose\lib\schemaType.js:1258:12)
    at SchemaType.castForQuery (C:\Users\ADMIN\Documents\node-ecommerce\node_modules\mongoose\lib\schemaType.js:1676:17)
    at cast (C:\Users\ADMIN\Documents\node-ecommerce\node_modules\mongoose\lib\cast.js:390:32)
    at Query.cast (C:\Users\ADMIN\Documents\node-ecommerce\node_modules\mongoose\lib\query.js:5055:12)
    at Query._castConditions (C:\Users\ADMIN\Documents\node-ecommerce\node_modules\mongoose\lib\query.js:2351:10)
    at model.Query._findOne (C:\Users\ADMIN\Documents\node-ecommerce\node_modules\mongoose\lib\query.js:2674:8)
    at model.Query.exec (C:\Users\ADMIN\Documents\node-ecommerce\node_modules\mongoose\lib\query.js:4604:80)
    at process.processTicksAndRejections (node:internal/process/task_queues:105:5)
    at async ProductService.getProductById (C:\Users\ADMIN\Documents\node-ecommerce\services\productService.js:52:23)
2025-07-20 13:11:32 [ERROR]: Application Error Failed to fetch product
AppError: Failed to fetch product
    at ProductService.getProductById (C:\Users\ADMIN\Documents\node-ecommerce\services\productService.js:65:13)
    at process.processTicksAndRejections (node:internal/process/task_queues:105:5)
    at async C:\Users\ADMIN\Documents\node-ecommerce\controllers\productController.js:32:19
2025-07-20 13:11:35 [ERROR]: Error fetching product by ID: Cast to ObjectId failed for value "invalid3" (type string) at path "_id" for model "Product"
CastError: Cast to ObjectId failed for value "invalid3" (type string) at path "_id" for model "Product"
    at SchemaObjectId.cast (C:\Users\ADMIN\Documents\node-ecommerce\node_modules\mongoose\lib\schema\objectId.js:251:11)
    at SchemaType.applySetters (C:\Users\ADMIN\Documents\node-ecommerce\node_modules\mongoose\lib\schemaType.js:1258:12)
    at SchemaType.castForQuery (C:\Users\ADMIN\Documents\node-ecommerce\node_modules\mongoose\lib\schemaType.js:1676:17)
    at cast (C:\Users\ADMIN\Documents\node-ecommerce\node_modules\mongoose\lib\cast.js:390:32)
    at Query.cast (C:\Users\ADMIN\Documents\node-ecommerce\node_modules\mongoose\lib\query.js:5055:12)
    at Query._castConditions (C:\Users\ADMIN\Documents\node-ecommerce\node_modules\mongoose\lib\query.js:2351:10)
    at model.Query._findOne (C:\Users\ADMIN\Documents\node-ecommerce\node_modules\mongoose\lib\query.js:2674:8)
    at model.Query.exec (C:\Users\ADMIN\Documents\node-ecommerce\node_modules\mongoose\lib\query.js:4604:80)
    at process.processTicksAndRejections (node:internal/process/task_queues:105:5)
    at async ProductService.getProductById (C:\Users\ADMIN\Documents\node-ecommerce\services\productService.js:52:23)
2025-07-20 13:11:35 [ERROR]: Application Error Failed to fetch product
AppError: Failed to fetch product
    at ProductService.getProductById (C:\Users\ADMIN\Documents\node-ecommerce\services\productService.js:65:13)
    at process.processTicksAndRejections (node:internal/process/task_queues:105:5)
    at async C:\Users\ADMIN\Documents\node-ecommerce\controllers\productController.js:32:19
2025-07-20 13:11:37 [ERROR]: Error fetching product by ID: Cast to ObjectId failed for value "invalid4" (type string) at path "_id" for model "Product"
CastError: Cast to ObjectId failed for value "invalid4" (type string) at path "_id" for model "Product"
    at SchemaObjectId.cast (C:\Users\ADMIN\Documents\node-ecommerce\node_modules\mongoose\lib\schema\objectId.js:251:11)
    at SchemaType.applySetters (C:\Users\ADMIN\Documents\node-ecommerce\node_modules\mongoose\lib\schemaType.js:1258:12)
    at SchemaType.castForQuery (C:\Users\ADMIN\Documents\node-ecommerce\node_modules\mongoose\lib\schemaType.js:1676:17)
    at cast (C:\Users\ADMIN\Documents\node-ecommerce\node_modules\mongoose\lib\cast.js:390:32)
    at Query.cast (C:\Users\ADMIN\Documents\node-ecommerce\node_modules\mongoose\lib\query.js:5055:12)
    at Query._castConditions (C:\Users\ADMIN\Documents\node-ecommerce\node_modules\mongoose\lib\query.js:2351:10)
    at model.Query._findOne (C:\Users\ADMIN\Documents\node-ecommerce\node_modules\mongoose\lib\query.js:2674:8)
    at model.Query.exec (C:\Users\ADMIN\Documents\node-ecommerce\node_modules\mongoose\lib\query.js:4604:80)
    at process.processTicksAndRejections (node:internal/process/task_queues:105:5)
    at async ProductService.getProductById (C:\Users\ADMIN\Documents\node-ecommerce\services\productService.js:52:23)
2025-07-20 13:11:37 [ERROR]: Application Error Failed to fetch product
AppError: Failed to fetch product
    at ProductService.getProductById (C:\Users\ADMIN\Documents\node-ecommerce\services\productService.js:65:13)
    at process.processTicksAndRejections (node:internal/process/task_queues:105:5)
    at async C:\Users\ADMIN\Documents\node-ecommerce\controllers\productController.js:32:19
2025-07-20 13:11:40 [ERROR]: Error fetching product by ID: Cast to ObjectId failed for value "invalid5" (type string) at path "_id" for model "Product"
CastError: Cast to ObjectId failed for value "invalid5" (type string) at path "_id" for model "Product"
    at SchemaObjectId.cast (C:\Users\ADMIN\Documents\node-ecommerce\node_modules\mongoose\lib\schema\objectId.js:251:11)
    at SchemaType.applySetters (C:\Users\ADMIN\Documents\node-ecommerce\node_modules\mongoose\lib\schemaType.js:1258:12)
    at SchemaType.castForQuery (C:\Users\ADMIN\Documents\node-ecommerce\node_modules\mongoose\lib\schemaType.js:1676:17)
    at cast (C:\Users\ADMIN\Documents\node-ecommerce\node_modules\mongoose\lib\cast.js:390:32)
    at Query.cast (C:\Users\ADMIN\Documents\node-ecommerce\node_modules\mongoose\lib\query.js:5055:12)
    at Query._castConditions (C:\Users\ADMIN\Documents\node-ecommerce\node_modules\mongoose\lib\query.js:2351:10)
    at model.Query._findOne (C:\Users\ADMIN\Documents\node-ecommerce\node_modules\mongoose\lib\query.js:2674:8)
    at model.Query.exec (C:\Users\ADMIN\Documents\node-ecommerce\node_modules\mongoose\lib\query.js:4604:80)
    at process.processTicksAndRejections (node:internal/process/task_queues:105:5)
    at async ProductService.getProductById (C:\Users\ADMIN\Documents\node-ecommerce\services\productService.js:52:23)
2025-07-20 13:11:40 [ERROR]: Application Error Failed to fetch product
AppError: Failed to fetch product
    at ProductService.getProductById (C:\Users\ADMIN\Documents\node-ecommerce\services\productService.js:65:13)
    at process.processTicksAndRejections (node:internal/process/task_queues:105:5)
    at async C:\Users\ADMIN\Documents\node-ecommerce\controllers\productController.js:32:19
2025-07-20 13:11:46 [ERROR]: Error fetching product by ID: Cast to ObjectId failed for value "invalid6" (type string) at path "_id" for model "Product"
CastError: Cast to ObjectId failed for value "invalid6" (type string) at path "_id" for model "Product"
    at SchemaObjectId.cast (C:\Users\ADMIN\Documents\node-ecommerce\node_modules\mongoose\lib\schema\objectId.js:251:11)
    at SchemaType.applySetters (C:\Users\ADMIN\Documents\node-ecommerce\node_modules\mongoose\lib\schemaType.js:1258:12)
    at SchemaType.castForQuery (C:\Users\ADMIN\Documents\node-ecommerce\node_modules\mongoose\lib\schemaType.js:1676:17)
    at cast (C:\Users\ADMIN\Documents\node-ecommerce\node_modules\mongoose\lib\cast.js:390:32)
    at Query.cast (C:\Users\ADMIN\Documents\node-ecommerce\node_modules\mongoose\lib\query.js:5055:12)
    at Query._castConditions (C:\Users\ADMIN\Documents\node-ecommerce\node_modules\mongoose\lib\query.js:2351:10)
    at model.Query._findOne (C:\Users\ADMIN\Documents\node-ecommerce\node_modules\mongoose\lib\query.js:2674:8)
    at model.Query.exec (C:\Users\ADMIN\Documents\node-ecommerce\node_modules\mongoose\lib\query.js:4604:80)
    at process.processTicksAndRejections (node:internal/process/task_queues:105:5)
    at async ProductService.getProductById (C:\Users\ADMIN\Documents\node-ecommerce\services\productService.js:52:23)
2025-07-20 13:11:46 [ERROR]: Application Error Failed to fetch product
AppError: Failed to fetch product
    at ProductService.getProductById (C:\Users\ADMIN\Documents\node-ecommerce\services\productService.js:65:13)
    at process.processTicksAndRejections (node:internal/process/task_queues:105:5)
    at async C:\Users\ADMIN\Documents\node-ecommerce\controllers\productController.js:32:19
2025-07-20 13:11:55 [ERROR]: Error fetching product by ID: Cast to ObjectId failed for value "invalid7" (type string) at path "_id" for model "Product"
CastError: Cast to ObjectId failed for value "invalid7" (type string) at path "_id" for model "Product"
    at SchemaObjectId.cast (C:\Users\ADMIN\Documents\node-ecommerce\node_modules\mongoose\lib\schema\objectId.js:251:11)
    at SchemaType.applySetters (C:\Users\ADMIN\Documents\node-ecommerce\node_modules\mongoose\lib\schemaType.js:1258:12)
    at SchemaType.castForQuery (C:\Users\ADMIN\Documents\node-ecommerce\node_modules\mongoose\lib\schemaType.js:1676:17)
    at cast (C:\Users\ADMIN\Documents\node-ecommerce\node_modules\mongoose\lib\cast.js:390:32)
    at Query.cast (C:\Users\ADMIN\Documents\node-ecommerce\node_modules\mongoose\lib\query.js:5055:12)
    at Query._castConditions (C:\Users\ADMIN\Documents\node-ecommerce\node_modules\mongoose\lib\query.js:2351:10)
    at model.Query._findOne (C:\Users\ADMIN\Documents\node-ecommerce\node_modules\mongoose\lib\query.js:2674:8)
    at model.Query.exec (C:\Users\ADMIN\Documents\node-ecommerce\node_modules\mongoose\lib\query.js:4604:80)
    at process.processTicksAndRejections (node:internal/process/task_queues:105:5)
    at async ProductService.getProductById (C:\Users\ADMIN\Documents\node-ecommerce\services\productService.js:52:23)
2025-07-20 13:11:55 [ERROR]: Application Error Failed to fetch product
AppError: Failed to fetch product
    at ProductService.getProductById (C:\Users\ADMIN\Documents\node-ecommerce\services\productService.js:65:13)
    at process.processTicksAndRejections (node:internal/process/task_queues:105:5)
    at async C:\Users\ADMIN\Documents\node-ecommerce\controllers\productController.js:32:19
2025-07-21 11:39:56 [ERROR]: Registration error: Email already registered
2025-07-21 11:40:04 [ERROR]: Registration error: Email already registered
2025-07-21 11:40:29 [ERROR]: Login error: Invalid email or password
2025-07-21 11:40:34 [ERROR]: Login error: Invalid email or password
2025-07-21 11:40:38 [ERROR]: Login error: Invalid email or password
2025-07-21 11:40:46 [ERROR]: Login error: Invalid email or password
2025-07-21 11:40:50 [ERROR]: Login error: Invalid email or password
2025-07-21 11:41:28 [ERROR]: Application Error C:\Users\ADMIN\Documents\node-ecommerce\views\profile.ejs:38
    36|           <div class="profile-actions">
    37|             <div class="quick-stat">
 >> 38|               <div class="quick-stat-value"><%= orders ? orders.length : 0 %></div>
    39|               <div class="quick-stat-label">Orders</div>
    40|             </div>
    41|             <div class="quick-stat">

orders is not defined
ReferenceError: C:\Users\ADMIN\Documents\node-ecommerce\views\profile.ejs:38
    36|           <div class="profile-actions">
    37|             <div class="quick-stat">
 >> 38|               <div class="quick-stat-value"><%= orders ? orders.length : 0 %></div>
    39|               <div class="quick-stat-label">Orders</div>
    40|             </div>
    41|             <div class="quick-stat">

orders is not defined
    at eval ("C:\\Users\\ADMIN\\Documents\\node-ecommerce\\views\\profile.ejs":18:26)
    at profile (C:\Users\ADMIN\Documents\node-ecommerce\node_modules\ejs\lib\ejs.js:703:17)
    at tryHandleCache (C:\Users\ADMIN\Documents\node-ecommerce\node_modules\ejs\lib\ejs.js:274:36)
    at exports.renderFile [as engine] (C:\Users\ADMIN\Documents\node-ecommerce\node_modules\ejs\lib\ejs.js:491:10)
    at View.render (C:\Users\ADMIN\Documents\node-ecommerce\node_modules\express\lib\view.js:139:8)
    at tryRender (C:\Users\ADMIN\Documents\node-ecommerce\node_modules\express\lib\application.js:627:10)
    at Function.render (C:\Users\ADMIN\Documents\node-ecommerce\node_modules\express\lib\application.js:574:3)
    at ServerResponse.render (C:\Users\ADMIN\Documents\node-ecommerce\node_modules\express\lib\response.js:909:7)
    at exports.getProfile (C:\Users\ADMIN\Documents\node-ecommerce\controllers\authController.js:100:9)
    at process.processTicksAndRejections (node:internal/process/task_queues:105:5)
2025-07-21 11:42:16 [ERROR]: Login error: Invalid email or password
2025-07-21 11:42:23 [ERROR]: Login error: Invalid email or password
2025-07-21 11:44:28 [ERROR]: Login error: Invalid email or password
2025-07-21 11:44:33 [ERROR]: Login error: Invalid email or password
2025-07-21 11:44:47 [ERROR]: Login error: Invalid email or password
2025-07-21 11:46:44 [ERROR]: Registration error: Email already registered
2025-07-21 11:47:41 [ERROR]: Application Error C:\Users\ADMIN\Documents\node-ecommerce\views\profile.ejs:38
    36|           <div class="profile-actions">
    37|             <div class="quick-stat">
 >> 38|               <div class="quick-stat-value"><%= orders ? orders.length : 0 %></div>
    39|               <div class="quick-stat-label">Orders</div>
    40|             </div>
    41|             <div class="quick-stat">

orders is not defined
ReferenceError: C:\Users\ADMIN\Documents\node-ecommerce\views\profile.ejs:38
    36|           <div class="profile-actions">
    37|             <div class="quick-stat">
 >> 38|               <div class="quick-stat-value"><%= orders ? orders.length : 0 %></div>
    39|               <div class="quick-stat-label">Orders</div>
    40|             </div>
    41|             <div class="quick-stat">

orders is not defined
    at eval ("C:\\Users\\ADMIN\\Documents\\node-ecommerce\\views\\profile.ejs":18:26)
    at profile (C:\Users\ADMIN\Documents\node-ecommerce\node_modules\ejs\lib\ejs.js:703:17)
    at tryHandleCache (C:\Users\ADMIN\Documents\node-ecommerce\node_modules\ejs\lib\ejs.js:274:36)
    at exports.renderFile [as engine] (C:\Users\ADMIN\Documents\node-ecommerce\node_modules\ejs\lib\ejs.js:491:10)
    at View.render (C:\Users\ADMIN\Documents\node-ecommerce\node_modules\express\lib\view.js:139:8)
    at tryRender (C:\Users\ADMIN\Documents\node-ecommerce\node_modules\express\lib\application.js:627:10)
    at Function.render (C:\Users\ADMIN\Documents\node-ecommerce\node_modules\express\lib\application.js:574:3)
    at ServerResponse.render (C:\Users\ADMIN\Documents\node-ecommerce\node_modules\express\lib\response.js:909:7)
    at exports.getProfile (C:\Users\ADMIN\Documents\node-ecommerce\controllers\authController.js:100:9)
    at process.processTicksAndRejections (node:internal/process/task_queues:105:5)
2025-07-21 11:53:02 [ERROR]: Login error: Invalid email or password
2025-07-21 11:53:11 [ERROR]: Login error: Invalid email or password
2025-07-21 11:56:25 [ERROR]: Registration error: Username already taken
2025-07-21 12:05:15 [ERROR]: Login error: Invalid email or password
2025-07-21 12:07:37 [ERROR]: Login error: Invalid email or password
2025-07-21 12:07:41 [ERROR]: Login error: Invalid email or password
2025-07-21 12:11:01 [ERROR]: Login error: Invalid email or password
2025-07-21 12:11:01 [ERROR]: Login error: Invalid email or password
2025-07-21 12:23:35 [ERROR]: Login error from service: Invalid email or password
2025-07-21 12:24:00 [ERROR]: Login error from service: Invalid email or password
2025-07-21 12:33:12 [ERROR]: Login error from service: Invalid email or password
2025-07-21 12:33:26 [ERROR]: Login error from service: Invalid email or password
2025-07-21 12:38:13 [ERROR]: Login failed: invalid password for email ooo@gmail.com
2025-07-21 12:38:13 [ERROR]: Login error from service: Invalid email or password
2025-07-21 12:41:32 [ERROR]: Validation errors on registration
2025-07-21 12:41:55 [ERROR]: Validation errors on registration
2025-07-21 12:44:04 [ERROR]: Validation errors on registration
2025-07-21 12:44:13 [ERROR]: Validation errors on registration
2025-07-21 12:44:16 [ERROR]: Validation errors on registration
2025-07-21 12:44:19 [ERROR]: Validation errors on registration
2025-07-21 12:49:06 [ERROR]: Login failed: user not found for email aaa@gmail.com
2025-07-21 12:49:06 [ERROR]: Login error from service: Invalid email or password
